<?xml version="1.0" encoding="UTF-8"?>
<robot generator="Robot 6.1.1 (Python 3.10.12 on linux)" generated="20231115 11:07:02.293" rpa="false" schemaversion="4">
<suite id="s1" name="Tests" source="/home/koskijou/ohtu-palautus/viikko3/web-login/src/tests">
<suite id="s1-s1" name="Home" source="/home/koskijou/ohtu-palautus/viikko3/web-login/src/tests/home.robot">
<kw name="Open And Configure Browser" library="resource" type="SETUP">
<kw name="Evaluate" library="BuiltIn">
<var>${options}</var>
<arg>sys.modules['selenium.webdriver'].FirefoxOptions()</arg>
<arg>sys</arg>
<doc>Evaluates the given expression in Python and returns the result.</doc>
<msg timestamp="20231115 11:07:02.455" level="INFO">${options} = &lt;selenium.webdriver.firefox.options.Options object at 0x7fdae3a27d30&gt;</msg>
<status status="PASS" starttime="20231115 11:07:02.454" endtime="20231115 11:07:02.455"/>
</kw>
<kw name="Call Method" library="BuiltIn">
<arg>${options}</arg>
<arg>add_argument</arg>
<arg>--no-sandbox</arg>
<doc>Calls the named method of the given object with the provided arguments.</doc>
<status status="PASS" starttime="20231115 11:07:02.455" endtime="20231115 11:07:02.455"/>
</kw>
<kw name="Open Browser" library="SeleniumLibrary">
<arg>browser=chrome</arg>
<arg>options=${options}</arg>
<doc>Opens a new browser instance to the optional ``url``.</doc>
<msg timestamp="20231115 11:07:02.456" level="INFO">Opening browser 'chrome' to base url 'None'.</msg>
<status status="PASS" starttime="20231115 11:07:02.455" endtime="20231115 11:07:05.261"/>
</kw>
<kw name="Set Selenium Speed" library="SeleniumLibrary">
<arg>${DELAY}</arg>
<doc>Sets the delay that is waited after each Selenium command.</doc>
<status status="PASS" starttime="20231115 11:07:05.262" endtime="20231115 11:07:05.262"/>
</kw>
<status status="PASS" starttime="20231115 11:07:02.454" endtime="20231115 11:07:05.262"/>
</kw>
<test id="s1-s1-t1" name="Click Login Link" line="8">
<kw name="Go To Main Page" library="resource" type="SETUP">
<kw name="Go To" library="SeleniumLibrary">
<arg>${HOME_URL}</arg>
<doc>Navigates the current browser window to the provided ``url``.</doc>
<msg timestamp="20231115 11:07:05.265" level="INFO">Opening url 'http://localhost:5001'</msg>
<status status="PASS" starttime="20231115 11:07:05.264" endtime="20231115 11:07:05.868"/>
</kw>
<status status="PASS" starttime="20231115 11:07:05.264" endtime="20231115 11:07:05.868"/>
</kw>
<kw name="Click Link" library="SeleniumLibrary">
<arg>Login</arg>
<doc>Clicks a link identified by ``locator``.</doc>
<msg timestamp="20231115 11:07:05.872" level="INFO">Clicking link 'Login'.</msg>
<status status="PASS" starttime="20231115 11:07:05.869" endtime="20231115 11:07:07.505"/>
</kw>
<kw name="Login Page Should Be Open" library="resource">
<kw name="Title Should Be" library="SeleniumLibrary">
<arg>Login</arg>
<doc>Verifies that the current page title equals ``title``.</doc>
<msg timestamp="20231115 11:07:08.013" level="INFO">Page title is 'Login'.</msg>
<status status="PASS" starttime="20231115 11:07:07.507" endtime="20231115 11:07:08.013"/>
</kw>
<status status="PASS" starttime="20231115 11:07:07.506" endtime="20231115 11:07:08.014"/>
</kw>
<status status="PASS" starttime="20231115 11:07:05.263" endtime="20231115 11:07:08.014"/>
</test>
<test id="s1-s1-t2" name="Click Register Link" line="12">
<kw name="Go To Main Page" library="resource" type="SETUP">
<kw name="Go To" library="SeleniumLibrary">
<arg>${HOME_URL}</arg>
<doc>Navigates the current browser window to the provided ``url``.</doc>
<msg timestamp="20231115 11:07:08.018" level="INFO">Opening url 'http://localhost:5001'</msg>
<status status="PASS" starttime="20231115 11:07:08.017" endtime="20231115 11:07:08.569"/>
</kw>
<status status="PASS" starttime="20231115 11:07:08.017" endtime="20231115 11:07:08.569"/>
</kw>
<kw name="Click Link" library="SeleniumLibrary">
<arg>Register new user</arg>
<doc>Clicks a link identified by ``locator``.</doc>
<msg timestamp="20231115 11:07:08.571" level="INFO">Clicking link 'Register new user'.</msg>
<status status="PASS" starttime="20231115 11:07:08.570" endtime="20231115 11:07:10.165"/>
</kw>
<kw name="Register Page Should Be Open" library="resource">
<kw name="Title Should Be" library="SeleniumLibrary">
<arg>Register</arg>
<doc>Verifies that the current page title equals ``title``.</doc>
<msg timestamp="20231115 11:07:10.673" level="INFO">Page title is 'Register'.</msg>
<status status="PASS" starttime="20231115 11:07:10.167" endtime="20231115 11:07:10.674"/>
</kw>
<status status="PASS" starttime="20231115 11:07:10.166" endtime="20231115 11:07:10.674"/>
</kw>
<status status="PASS" starttime="20231115 11:07:08.016" endtime="20231115 11:07:10.675"/>
</test>
<kw name="Close Browser" library="SeleniumLibrary" type="TEARDOWN">
<doc>Closes the current browser.</doc>
<status status="PASS" starttime="20231115 11:07:10.678" endtime="20231115 11:07:12.026"/>
</kw>
<status status="PASS" starttime="20231115 11:07:02.310" endtime="20231115 11:07:12.026"/>
</suite>
<suite id="s1-s2" name="Login" source="/home/koskijou/ohtu-palautus/viikko3/web-login/src/tests/login.robot">
<kw name="Open And Configure Browser" library="resource" type="SETUP">
<kw name="Evaluate" library="BuiltIn">
<var>${options}</var>
<arg>sys.modules['selenium.webdriver'].FirefoxOptions()</arg>
<arg>sys</arg>
<doc>Evaluates the given expression in Python and returns the result.</doc>
<msg timestamp="20231115 11:07:12.036" level="INFO">${options} = &lt;selenium.webdriver.firefox.options.Options object at 0x7fdae376dde0&gt;</msg>
<status status="PASS" starttime="20231115 11:07:12.035" endtime="20231115 11:07:12.036"/>
</kw>
<kw name="Call Method" library="BuiltIn">
<arg>${options}</arg>
<arg>add_argument</arg>
<arg>--no-sandbox</arg>
<doc>Calls the named method of the given object with the provided arguments.</doc>
<status status="PASS" starttime="20231115 11:07:12.036" endtime="20231115 11:07:12.036"/>
</kw>
<kw name="Open Browser" library="SeleniumLibrary">
<arg>browser=chrome</arg>
<arg>options=${options}</arg>
<doc>Opens a new browser instance to the optional ``url``.</doc>
<msg timestamp="20231115 11:07:12.037" level="INFO">Opening browser 'chrome' to base url 'None'.</msg>
<status status="PASS" starttime="20231115 11:07:12.036" endtime="20231115 11:07:14.977"/>
</kw>
<kw name="Set Selenium Speed" library="SeleniumLibrary">
<arg>${DELAY}</arg>
<doc>Sets the delay that is waited after each Selenium command.</doc>
<status status="PASS" starttime="20231115 11:07:14.977" endtime="20231115 11:07:14.978"/>
</kw>
<status status="PASS" starttime="20231115 11:07:12.035" endtime="20231115 11:07:14.978"/>
</kw>
<test id="s1-s2-t1" name="Login With Correct Credentials" line="8">
<kw name="Create User And Go To Login Page" type="SETUP">
<kw name="Create User" library="AppLibrary">
<arg>kalle</arg>
<arg>kalle123</arg>
<status status="PASS" starttime="20231115 11:07:14.979" endtime="20231115 11:07:14.991"/>
</kw>
<kw name="Go To Login Page" library="resource">
<kw name="Go To" library="SeleniumLibrary">
<arg>${LOGIN_URL}</arg>
<doc>Navigates the current browser window to the provided ``url``.</doc>
<msg timestamp="20231115 11:07:14.991" level="INFO">Opening url 'http://localhost:5001/login'</msg>
<status status="PASS" starttime="20231115 11:07:14.991" endtime="20231115 11:07:15.603"/>
</kw>
<status status="PASS" starttime="20231115 11:07:14.991" endtime="20231115 11:07:15.604"/>
</kw>
<kw name="Login Page Should Be Open" library="resource">
<kw name="Title Should Be" library="SeleniumLibrary">
<arg>Login</arg>
<doc>Verifies that the current page title equals ``title``.</doc>
<msg timestamp="20231115 11:07:16.112" level="INFO">Page title is 'Login'.</msg>
<status status="PASS" starttime="20231115 11:07:15.605" endtime="20231115 11:07:16.112"/>
</kw>
<status status="PASS" starttime="20231115 11:07:15.604" endtime="20231115 11:07:16.112"/>
</kw>
<status status="PASS" starttime="20231115 11:07:14.979" endtime="20231115 11:07:16.113"/>
</kw>
<kw name="Set Username">
<arg>kalle</arg>
<kw name="Input Text" library="SeleniumLibrary">
<arg>username</arg>
<arg>${username}</arg>
<doc>Types the given ``text`` into the text field identified by ``locator``.</doc>
<msg timestamp="20231115 11:07:16.117" level="INFO">Typing text 'kalle' into text field 'username'.</msg>
<status status="PASS" starttime="20231115 11:07:16.115" endtime="20231115 11:07:17.734"/>
</kw>
<status status="PASS" starttime="20231115 11:07:16.114" endtime="20231115 11:07:17.735"/>
</kw>
<kw name="Set Password">
<arg>kalle123</arg>
<kw name="Input Password" library="SeleniumLibrary">
<arg>password</arg>
<arg>${password}</arg>
<doc>Types the given password into the text field identified by ``locator``.</doc>
<msg timestamp="20231115 11:07:17.738" level="INFO">Typing password into text field 'password'.</msg>
<msg timestamp="20231115 11:07:18.755" level="INFO">Temporally setting log level to: NONE</msg>
<msg timestamp="20231115 11:07:19.276" level="INFO">Log level changed from NONE to INFO.</msg>
<status status="PASS" starttime="20231115 11:07:17.737" endtime="20231115 11:07:19.276"/>
</kw>
<status status="PASS" starttime="20231115 11:07:17.736" endtime="20231115 11:07:19.277"/>
</kw>
<kw name="Submit Credentials">
<kw name="Click Button" library="SeleniumLibrary">
<arg>Login</arg>
<doc>Clicks the button identified by ``locator``.</doc>
<msg timestamp="20231115 11:07:19.280" level="INFO">Clicking button 'Login'.</msg>
<status status="PASS" starttime="20231115 11:07:19.278" endtime="20231115 11:07:21.395"/>
</kw>
<status status="PASS" starttime="20231115 11:07:19.277" endtime="20231115 11:07:21.396"/>
</kw>
<kw name="Login Should Succeed">
<kw name="Main Page Should Be Open" library="resource">
<kw name="Title Should Be" library="SeleniumLibrary">
<arg>Ohtu Application main page</arg>
<doc>Verifies that the current page title equals ``title``.</doc>
<msg timestamp="20231115 11:07:21.904" level="INFO">Page title is 'Ohtu Application main page'.</msg>
<status status="PASS" starttime="20231115 11:07:21.399" endtime="20231115 11:07:21.904"/>
</kw>
<status status="PASS" starttime="20231115 11:07:21.398" endtime="20231115 11:07:21.905"/>
</kw>
<status status="PASS" starttime="20231115 11:07:21.397" endtime="20231115 11:07:21.905"/>
</kw>
<status status="PASS" starttime="20231115 11:07:14.978" endtime="20231115 11:07:21.905"/>
</test>
<test id="s1-s2-t2" name="Login With Incorrect Password" line="14">
<kw name="Create User And Go To Login Page" type="SETUP">
<kw name="Create User" library="AppLibrary">
<arg>kalle</arg>
<arg>kalle123</arg>
<status status="PASS" starttime="20231115 11:07:21.907" endtime="20231115 11:07:21.921"/>
</kw>
<kw name="Go To Login Page" library="resource">
<kw name="Go To" library="SeleniumLibrary">
<arg>${LOGIN_URL}</arg>
<doc>Navigates the current browser window to the provided ``url``.</doc>
<msg timestamp="20231115 11:07:21.922" level="INFO">Opening url 'http://localhost:5001/login'</msg>
<status status="PASS" starttime="20231115 11:07:21.922" endtime="20231115 11:07:22.488"/>
</kw>
<status status="PASS" starttime="20231115 11:07:21.922" endtime="20231115 11:07:22.488"/>
</kw>
<kw name="Login Page Should Be Open" library="resource">
<kw name="Title Should Be" library="SeleniumLibrary">
<arg>Login</arg>
<doc>Verifies that the current page title equals ``title``.</doc>
<msg timestamp="20231115 11:07:22.997" level="INFO">Page title is 'Login'.</msg>
<status status="PASS" starttime="20231115 11:07:22.490" endtime="20231115 11:07:22.997"/>
</kw>
<status status="PASS" starttime="20231115 11:07:22.489" endtime="20231115 11:07:22.998"/>
</kw>
<status status="PASS" starttime="20231115 11:07:21.906" endtime="20231115 11:07:22.998"/>
</kw>
<kw name="Set Username">
<arg>kalle</arg>
<kw name="Input Text" library="SeleniumLibrary">
<arg>username</arg>
<arg>${username}</arg>
<doc>Types the given ``text`` into the text field identified by ``locator``.</doc>
<msg timestamp="20231115 11:07:23.002" level="INFO">Typing text 'kalle' into text field 'username'.</msg>
<status status="PASS" starttime="20231115 11:07:23.000" endtime="20231115 11:07:24.543"/>
</kw>
<status status="PASS" starttime="20231115 11:07:22.999" endtime="20231115 11:07:24.544"/>
</kw>
<kw name="Set Password">
<arg>kalle456</arg>
<kw name="Input Password" library="SeleniumLibrary">
<arg>password</arg>
<arg>${password}</arg>
<doc>Types the given password into the text field identified by ``locator``.</doc>
<msg timestamp="20231115 11:07:24.547" level="INFO">Typing password into text field 'password'.</msg>
<msg timestamp="20231115 11:07:25.564" level="INFO">Temporally setting log level to: NONE</msg>
<msg timestamp="20231115 11:07:26.083" level="INFO">Log level changed from NONE to INFO.</msg>
<status status="PASS" starttime="20231115 11:07:24.546" endtime="20231115 11:07:26.083"/>
</kw>
<status status="PASS" starttime="20231115 11:07:24.544" endtime="20231115 11:07:26.084"/>
</kw>
<kw name="Submit Credentials">
<kw name="Click Button" library="SeleniumLibrary">
<arg>Login</arg>
<doc>Clicks the button identified by ``locator``.</doc>
<msg timestamp="20231115 11:07:26.085" level="INFO">Clicking button 'Login'.</msg>
<status status="PASS" starttime="20231115 11:07:26.085" endtime="20231115 11:07:28.186"/>
</kw>
<status status="PASS" starttime="20231115 11:07:26.084" endtime="20231115 11:07:28.186"/>
</kw>
<kw name="Login Should Fail With Message">
<arg>Invalid username or password</arg>
<kw name="Login Page Should Be Open" library="resource">
<kw name="Title Should Be" library="SeleniumLibrary">
<arg>Login</arg>
<doc>Verifies that the current page title equals ``title``.</doc>
<msg timestamp="20231115 11:07:28.695" level="INFO">Page title is 'Login'.</msg>
<status status="PASS" starttime="20231115 11:07:28.190" endtime="20231115 11:07:28.696"/>
</kw>
<status status="PASS" starttime="20231115 11:07:28.188" endtime="20231115 11:07:28.696"/>
</kw>
<kw name="Page Should Contain" library="SeleniumLibrary">
<arg>${message}</arg>
<doc>Verifies that current page contains ``text``.</doc>
<msg timestamp="20231115 11:07:29.717" level="INFO">Current page contains text 'Invalid username or password'.</msg>
<status status="PASS" starttime="20231115 11:07:28.696" endtime="20231115 11:07:29.717"/>
</kw>
<status status="PASS" starttime="20231115 11:07:28.187" endtime="20231115 11:07:29.718"/>
</kw>
<status status="PASS" starttime="20231115 11:07:21.906" endtime="20231115 11:07:29.719"/>
</test>
<test id="s1-s2-t3" name="Login With Nonexistent Username" line="20">
<kw name="Create User And Go To Login Page" type="SETUP">
<kw name="Create User" library="AppLibrary">
<arg>kalle</arg>
<arg>kalle123</arg>
<status status="PASS" starttime="20231115 11:07:29.722" endtime="20231115 11:07:29.734"/>
</kw>
<kw name="Go To Login Page" library="resource">
<kw name="Go To" library="SeleniumLibrary">
<arg>${LOGIN_URL}</arg>
<doc>Navigates the current browser window to the provided ``url``.</doc>
<msg timestamp="20231115 11:07:29.735" level="INFO">Opening url 'http://localhost:5001/login'</msg>
<status status="PASS" starttime="20231115 11:07:29.735" endtime="20231115 11:07:30.283"/>
</kw>
<status status="PASS" starttime="20231115 11:07:29.735" endtime="20231115 11:07:30.284"/>
</kw>
<kw name="Login Page Should Be Open" library="resource">
<kw name="Title Should Be" library="SeleniumLibrary">
<arg>Login</arg>
<doc>Verifies that the current page title equals ``title``.</doc>
<msg timestamp="20231115 11:07:30.792" level="INFO">Page title is 'Login'.</msg>
<status status="PASS" starttime="20231115 11:07:30.286" endtime="20231115 11:07:30.792"/>
</kw>
<status status="PASS" starttime="20231115 11:07:30.285" endtime="20231115 11:07:30.793"/>
</kw>
<status status="PASS" starttime="20231115 11:07:29.721" endtime="20231115 11:07:30.793"/>
</kw>
<kw name="Set Username">
<arg>merja</arg>
<kw name="Input Text" library="SeleniumLibrary">
<arg>username</arg>
<arg>${username}</arg>
<doc>Types the given ``text`` into the text field identified by ``locator``.</doc>
<msg timestamp="20231115 11:07:30.796" level="INFO">Typing text 'merja' into text field 'username'.</msg>
<status status="PASS" starttime="20231115 11:07:30.795" endtime="20231115 11:07:32.347"/>
</kw>
<status status="PASS" starttime="20231115 11:07:30.794" endtime="20231115 11:07:32.348"/>
</kw>
<kw name="Set Password">
<arg>merja1234</arg>
<kw name="Input Password" library="SeleniumLibrary">
<arg>password</arg>
<arg>${password}</arg>
<doc>Types the given password into the text field identified by ``locator``.</doc>
<msg timestamp="20231115 11:07:32.352" level="INFO">Typing password into text field 'password'.</msg>
<msg timestamp="20231115 11:07:33.370" level="INFO">Temporally setting log level to: NONE</msg>
<msg timestamp="20231115 11:07:33.891" level="INFO">Log level changed from NONE to INFO.</msg>
<status status="PASS" starttime="20231115 11:07:32.350" endtime="20231115 11:07:33.891"/>
</kw>
<status status="PASS" starttime="20231115 11:07:32.349" endtime="20231115 11:07:33.892"/>
</kw>
<kw name="Submit Credentials">
<kw name="Click Button" library="SeleniumLibrary">
<arg>Login</arg>
<doc>Clicks the button identified by ``locator``.</doc>
<msg timestamp="20231115 11:07:33.895" level="INFO">Clicking button 'Login'.</msg>
<status status="PASS" starttime="20231115 11:07:33.894" endtime="20231115 11:07:35.985"/>
</kw>
<status status="PASS" starttime="20231115 11:07:33.892" endtime="20231115 11:07:35.985"/>
</kw>
<kw name="Login Should Fail With Message">
<arg>Invalid username or password</arg>
<kw name="Login Page Should Be Open" library="resource">
<kw name="Title Should Be" library="SeleniumLibrary">
<arg>Login</arg>
<doc>Verifies that the current page title equals ``title``.</doc>
<msg timestamp="20231115 11:07:36.493" level="INFO">Page title is 'Login'.</msg>
<status status="PASS" starttime="20231115 11:07:35.988" endtime="20231115 11:07:36.494"/>
</kw>
<status status="PASS" starttime="20231115 11:07:35.987" endtime="20231115 11:07:36.494"/>
</kw>
<kw name="Page Should Contain" library="SeleniumLibrary">
<arg>${message}</arg>
<doc>Verifies that current page contains ``text``.</doc>
<msg timestamp="20231115 11:07:37.516" level="INFO">Current page contains text 'Invalid username or password'.</msg>
<status status="PASS" starttime="20231115 11:07:36.495" endtime="20231115 11:07:37.517"/>
</kw>
<status status="PASS" starttime="20231115 11:07:35.986" endtime="20231115 11:07:37.517"/>
</kw>
<status status="PASS" starttime="20231115 11:07:29.720" endtime="20231115 11:07:37.518"/>
</test>
<kw name="Close Browser" library="SeleniumLibrary" type="TEARDOWN">
<doc>Closes the current browser.</doc>
<status status="PASS" starttime="20231115 11:07:37.520" endtime="20231115 11:07:38.754"/>
</kw>
<status status="PASS" starttime="20231115 11:07:12.028" endtime="20231115 11:07:38.754"/>
</suite>
<status status="PASS" starttime="20231115 11:07:02.294" endtime="20231115 11:07:38.757"/>
</suite>
<statistics>
<total>
<stat pass="5" fail="0" skip="0">All Tests</stat>
</total>
<tag>
</tag>
<suite>
<stat pass="5" fail="0" skip="0" id="s1" name="Tests">Tests</stat>
<stat pass="2" fail="0" skip="0" id="s1-s1" name="Home">Tests.Home</stat>
<stat pass="3" fail="0" skip="0" id="s1-s2" name="Login">Tests.Login</stat>
</suite>
</statistics>
<errors>
</errors>
</robot>
