<?xml version="1.0" encoding="UTF-8"?>
<robot generator="Robot 6.1.1 (Python 3.10.12 on linux)" generated="20231114 14:10:25.242" rpa="false" schemaversion="4">
<suite id="s1" name="Tests" source="/home/koskijou/ohtu-palautus/viikko3/login-robot/src/tests">
<suite id="s1-s1" name="Login" source="/home/koskijou/ohtu-palautus/viikko3/login-robot/src/tests/login.robot">
<test id="s1-s1-t1" name="Login With Correct Credentials" line="6">
<kw name="Create User And Input Login Command" type="SETUP">
<kw name="Create User" library="AppLibrary">
<arg>kallekallunen</arg>
<arg>kalleKallunen123</arg>
<status status="PASS" starttime="20231114 14:10:25.265" endtime="20231114 14:10:25.265"/>
</kw>
<kw name="Input Login Command" library="resource">
<kw name="Input" library="AppLibrary">
<arg>login</arg>
<status status="PASS" starttime="20231114 14:10:25.265" endtime="20231114 14:10:25.265"/>
</kw>
<status status="PASS" starttime="20231114 14:10:25.265" endtime="20231114 14:10:25.265"/>
</kw>
<status status="PASS" starttime="20231114 14:10:25.264" endtime="20231114 14:10:25.266"/>
</kw>
<kw name="Input Credentials" library="resource">
<arg>kallekallunen</arg>
<arg>kalleKallunen123</arg>
<kw name="Input" library="AppLibrary">
<arg>${username}</arg>
<status status="PASS" starttime="20231114 14:10:25.266" endtime="20231114 14:10:25.266"/>
</kw>
<kw name="Input" library="AppLibrary">
<arg>${password}</arg>
<status status="PASS" starttime="20231114 14:10:25.266" endtime="20231114 14:10:25.266"/>
</kw>
<kw name="Run Application" library="AppLibrary">
<status status="PASS" starttime="20231114 14:10:25.266" endtime="20231114 14:10:25.267"/>
</kw>
<status status="PASS" starttime="20231114 14:10:25.266" endtime="20231114 14:10:25.267"/>
</kw>
<kw name="Output Should Contain" library="AppLibrary">
<arg>Logged in</arg>
<status status="PASS" starttime="20231114 14:10:25.267" endtime="20231114 14:10:25.267"/>
</kw>
<status status="PASS" starttime="20231114 14:10:25.264" endtime="20231114 14:10:25.267"/>
</test>
<test id="s1-s1-t2" name="Login With Incorrect Password" line="10">
<kw name="Create User And Input Login Command" type="SETUP">
<kw name="Create User" library="AppLibrary">
<arg>kallekallunen</arg>
<arg>kalleKallunen123</arg>
<status status="PASS" starttime="20231114 14:10:25.268" endtime="20231114 14:10:25.268"/>
</kw>
<kw name="Input Login Command" library="resource">
<kw name="Input" library="AppLibrary">
<arg>login</arg>
<status status="PASS" starttime="20231114 14:10:25.268" endtime="20231114 14:10:25.268"/>
</kw>
<status status="PASS" starttime="20231114 14:10:25.268" endtime="20231114 14:10:25.268"/>
</kw>
<status status="PASS" starttime="20231114 14:10:25.267" endtime="20231114 14:10:25.268"/>
</kw>
<kw name="Input Credentials" library="resource">
<arg>kallekallunen</arg>
<arg>kalleKallunen456</arg>
<kw name="Input" library="AppLibrary">
<arg>${username}</arg>
<status status="PASS" starttime="20231114 14:10:25.269" endtime="20231114 14:10:25.269"/>
</kw>
<kw name="Input" library="AppLibrary">
<arg>${password}</arg>
<status status="PASS" starttime="20231114 14:10:25.269" endtime="20231114 14:10:25.269"/>
</kw>
<kw name="Run Application" library="AppLibrary">
<status status="PASS" starttime="20231114 14:10:25.269" endtime="20231114 14:10:25.269"/>
</kw>
<status status="PASS" starttime="20231114 14:10:25.268" endtime="20231114 14:10:25.269"/>
</kw>
<kw name="Output Should Contain" library="AppLibrary">
<arg>Invalid username or password</arg>
<status status="PASS" starttime="20231114 14:10:25.269" endtime="20231114 14:10:25.269"/>
</kw>
<status status="PASS" starttime="20231114 14:10:25.267" endtime="20231114 14:10:25.269"/>
</test>
<test id="s1-s1-t3" name="Login With Nonexistent Username" line="14">
<kw name="Create User And Input Login Command" type="SETUP">
<kw name="Create User" library="AppLibrary">
<arg>kallekallunen</arg>
<arg>kalleKallunen123</arg>
<status status="PASS" starttime="20231114 14:10:25.270" endtime="20231114 14:10:25.270"/>
</kw>
<kw name="Input Login Command" library="resource">
<kw name="Input" library="AppLibrary">
<arg>login</arg>
<status status="PASS" starttime="20231114 14:10:25.270" endtime="20231114 14:10:25.271"/>
</kw>
<status status="PASS" starttime="20231114 14:10:25.270" endtime="20231114 14:10:25.271"/>
</kw>
<status status="PASS" starttime="20231114 14:10:25.270" endtime="20231114 14:10:25.271"/>
</kw>
<kw name="Input Credentials" library="resource">
<arg>gugugaga</arg>
<arg>kalleKallunen123</arg>
<kw name="Input" library="AppLibrary">
<arg>${username}</arg>
<status status="PASS" starttime="20231114 14:10:25.271" endtime="20231114 14:10:25.271"/>
</kw>
<kw name="Input" library="AppLibrary">
<arg>${password}</arg>
<status status="PASS" starttime="20231114 14:10:25.271" endtime="20231114 14:10:25.271"/>
</kw>
<kw name="Run Application" library="AppLibrary">
<status status="PASS" starttime="20231114 14:10:25.271" endtime="20231114 14:10:25.271"/>
</kw>
<status status="PASS" starttime="20231114 14:10:25.271" endtime="20231114 14:10:25.272"/>
</kw>
<kw name="Output Should Contain" library="AppLibrary">
<arg>Invalid username or password</arg>
<status status="PASS" starttime="20231114 14:10:25.272" endtime="20231114 14:10:25.272"/>
</kw>
<status status="PASS" starttime="20231114 14:10:25.270" endtime="20231114 14:10:25.272"/>
</test>
<status status="PASS" starttime="20231114 14:10:25.259" endtime="20231114 14:10:25.272"/>
</suite>
<suite id="s1-s2" name="Register" source="/home/koskijou/ohtu-palautus/viikko3/login-robot/src/tests/register.robot">
<test id="s1-s2-t1" name="Register With Valid Username And Password" line="6">
<kw name="Create User And Input New Command" type="SETUP">
<kw name="Create User" library="AppLibrary">
<arg>kalle</arg>
<arg>kalle123</arg>
<status status="PASS" starttime="20231114 14:10:25.275" endtime="20231114 14:10:25.276"/>
</kw>
<kw name="Input New Command" library="resource">
<kw name="Input" library="AppLibrary">
<arg>new</arg>
<status status="PASS" starttime="20231114 14:10:25.276" endtime="20231114 14:10:25.276"/>
</kw>
<status status="PASS" starttime="20231114 14:10:25.276" endtime="20231114 14:10:25.276"/>
</kw>
<status status="PASS" starttime="20231114 14:10:25.275" endtime="20231114 14:10:25.276"/>
</kw>
<kw name="Input Credentials" library="resource">
<arg>merja</arg>
<arg>kissa1234</arg>
<kw name="Input" library="AppLibrary">
<arg>${username}</arg>
<status status="PASS" starttime="20231114 14:10:25.276" endtime="20231114 14:10:25.276"/>
</kw>
<kw name="Input" library="AppLibrary">
<arg>${password}</arg>
<status status="PASS" starttime="20231114 14:10:25.277" endtime="20231114 14:10:25.277"/>
</kw>
<kw name="Run Application" library="AppLibrary">
<status status="PASS" starttime="20231114 14:10:25.277" endtime="20231114 14:10:25.277"/>
</kw>
<status status="PASS" starttime="20231114 14:10:25.276" endtime="20231114 14:10:25.277"/>
</kw>
<kw name="Output Should Contain" library="AppLibrary">
<arg>New user registered</arg>
<status status="PASS" starttime="20231114 14:10:25.277" endtime="20231114 14:10:25.277"/>
</kw>
<status status="PASS" starttime="20231114 14:10:25.275" endtime="20231114 14:10:25.277"/>
</test>
<test id="s1-s2-t2" name="Register With Already Taken Username And Valid Password" line="10">
<kw name="Create User And Input New Command" type="SETUP">
<kw name="Create User" library="AppLibrary">
<arg>kalle</arg>
<arg>kalle123</arg>
<status status="PASS" starttime="20231114 14:10:25.278" endtime="20231114 14:10:25.278"/>
</kw>
<kw name="Input New Command" library="resource">
<kw name="Input" library="AppLibrary">
<arg>new</arg>
<status status="PASS" starttime="20231114 14:10:25.278" endtime="20231114 14:10:25.278"/>
</kw>
<status status="PASS" starttime="20231114 14:10:25.278" endtime="20231114 14:10:25.278"/>
</kw>
<status status="PASS" starttime="20231114 14:10:25.278" endtime="20231114 14:10:25.278"/>
</kw>
<kw name="Input Credentials" library="resource">
<arg>kalle</arg>
<arg>kalle123</arg>
<kw name="Input" library="AppLibrary">
<arg>${username}</arg>
<status status="PASS" starttime="20231114 14:10:25.279" endtime="20231114 14:10:25.279"/>
</kw>
<kw name="Input" library="AppLibrary">
<arg>${password}</arg>
<status status="PASS" starttime="20231114 14:10:25.279" endtime="20231114 14:10:25.279"/>
</kw>
<kw name="Run Application" library="AppLibrary">
<status status="PASS" starttime="20231114 14:10:25.279" endtime="20231114 14:10:25.280"/>
</kw>
<status status="PASS" starttime="20231114 14:10:25.279" endtime="20231114 14:10:25.280"/>
</kw>
<kw name="Output Should Contain" library="AppLibrary">
<arg>User with username kalle already exists</arg>
<status status="PASS" starttime="20231114 14:10:25.280" endtime="20231114 14:10:25.280"/>
</kw>
<status status="PASS" starttime="20231114 14:10:25.277" endtime="20231114 14:10:25.280"/>
</test>
<test id="s1-s2-t3" name="Register With Too Short Username And Valid Password" line="14">
<kw name="Create User And Input New Command" type="SETUP">
<kw name="Create User" library="AppLibrary">
<arg>kalle</arg>
<arg>kalle123</arg>
<status status="PASS" starttime="20231114 14:10:25.281" endtime="20231114 14:10:25.281"/>
</kw>
<kw name="Input New Command" library="resource">
<kw name="Input" library="AppLibrary">
<arg>new</arg>
<status status="PASS" starttime="20231114 14:10:25.281" endtime="20231114 14:10:25.281"/>
</kw>
<status status="PASS" starttime="20231114 14:10:25.281" endtime="20231114 14:10:25.281"/>
</kw>
<status status="PASS" starttime="20231114 14:10:25.280" endtime="20231114 14:10:25.281"/>
</kw>
<kw name="Input Credentials" library="resource">
<arg>kk</arg>
<arg>kalle123</arg>
<kw name="Input" library="AppLibrary">
<arg>${username}</arg>
<status status="PASS" starttime="20231114 14:10:25.282" endtime="20231114 14:10:25.282"/>
</kw>
<kw name="Input" library="AppLibrary">
<arg>${password}</arg>
<status status="PASS" starttime="20231114 14:10:25.282" endtime="20231114 14:10:25.282"/>
</kw>
<kw name="Run Application" library="AppLibrary">
<status status="PASS" starttime="20231114 14:10:25.282" endtime="20231114 14:10:25.282"/>
</kw>
<status status="PASS" starttime="20231114 14:10:25.281" endtime="20231114 14:10:25.282"/>
</kw>
<kw name="Output Should Contain" library="AppLibrary">
<arg>Username must contain at least 3 characters</arg>
<status status="PASS" starttime="20231114 14:10:25.282" endtime="20231114 14:10:25.282"/>
</kw>
<status status="PASS" starttime="20231114 14:10:25.280" endtime="20231114 14:10:25.282"/>
</test>
<test id="s1-s2-t4" name="Register With Enough Long But Invalid Username And Valid Password" line="18">
<kw name="Create User And Input New Command" type="SETUP">
<kw name="Create User" library="AppLibrary">
<arg>kalle</arg>
<arg>kalle123</arg>
<status status="PASS" starttime="20231114 14:10:25.283" endtime="20231114 14:10:25.283"/>
</kw>
<kw name="Input New Command" library="resource">
<kw name="Input" library="AppLibrary">
<arg>new</arg>
<status status="PASS" starttime="20231114 14:10:25.284" endtime="20231114 14:10:25.284"/>
</kw>
<status status="PASS" starttime="20231114 14:10:25.283" endtime="20231114 14:10:25.284"/>
</kw>
<status status="PASS" starttime="20231114 14:10:25.283" endtime="20231114 14:10:25.284"/>
</kw>
<kw name="Input Credentials" library="resource">
<arg>merjaMerjanen</arg>
<arg>kissa1234</arg>
<kw name="Input" library="AppLibrary">
<arg>${username}</arg>
<status status="PASS" starttime="20231114 14:10:25.284" endtime="20231114 14:10:25.284"/>
</kw>
<kw name="Input" library="AppLibrary">
<arg>${password}</arg>
<status status="PASS" starttime="20231114 14:10:25.284" endtime="20231114 14:10:25.285"/>
</kw>
<kw name="Run Application" library="AppLibrary">
<status status="PASS" starttime="20231114 14:10:25.285" endtime="20231114 14:10:25.285"/>
</kw>
<status status="PASS" starttime="20231114 14:10:25.284" endtime="20231114 14:10:25.285"/>
</kw>
<kw name="Output Should Contain" library="AppLibrary">
<arg>Username must contain only lowercase letters (a-z)</arg>
<status status="PASS" starttime="20231114 14:10:25.285" endtime="20231114 14:10:25.285"/>
</kw>
<status status="PASS" starttime="20231114 14:10:25.283" endtime="20231114 14:10:25.285"/>
</test>
<test id="s1-s2-t5" name="Register With Valid Username And Too Short Password" line="22">
<kw name="Create User And Input New Command" type="SETUP">
<kw name="Create User" library="AppLibrary">
<arg>kalle</arg>
<arg>kalle123</arg>
<status status="PASS" starttime="20231114 14:10:25.286" endtime="20231114 14:10:25.286"/>
</kw>
<kw name="Input New Command" library="resource">
<kw name="Input" library="AppLibrary">
<arg>new</arg>
<status status="PASS" starttime="20231114 14:10:25.286" endtime="20231114 14:10:25.286"/>
</kw>
<status status="PASS" starttime="20231114 14:10:25.286" endtime="20231114 14:10:25.286"/>
</kw>
<status status="PASS" starttime="20231114 14:10:25.285" endtime="20231114 14:10:25.286"/>
</kw>
<kw name="Input Credentials" library="resource">
<arg>merja</arg>
<arg>kis54</arg>
<kw name="Input" library="AppLibrary">
<arg>${username}</arg>
<status status="PASS" starttime="20231114 14:10:25.287" endtime="20231114 14:10:25.287"/>
</kw>
<kw name="Input" library="AppLibrary">
<arg>${password}</arg>
<status status="PASS" starttime="20231114 14:10:25.287" endtime="20231114 14:10:25.287"/>
</kw>
<kw name="Run Application" library="AppLibrary">
<status status="PASS" starttime="20231114 14:10:25.287" endtime="20231114 14:10:25.287"/>
</kw>
<status status="PASS" starttime="20231114 14:10:25.286" endtime="20231114 14:10:25.287"/>
</kw>
<kw name="Output Should Contain" library="AppLibrary">
<arg>Password must contain at least 8 characters</arg>
<status status="PASS" starttime="20231114 14:10:25.287" endtime="20231114 14:10:25.287"/>
</kw>
<status status="PASS" starttime="20231114 14:10:25.285" endtime="20231114 14:10:25.287"/>
</test>
<test id="s1-s2-t6" name="Register With Valid Username And Long Enough Password Containing Only Letters" line="26">
<kw name="Create User And Input New Command" type="SETUP">
<kw name="Create User" library="AppLibrary">
<arg>kalle</arg>
<arg>kalle123</arg>
<status status="PASS" starttime="20231114 14:10:25.288" endtime="20231114 14:10:25.288"/>
</kw>
<kw name="Input New Command" library="resource">
<kw name="Input" library="AppLibrary">
<arg>new</arg>
<status status="PASS" starttime="20231114 14:10:25.289" endtime="20231114 14:10:25.289"/>
</kw>
<status status="PASS" starttime="20231114 14:10:25.288" endtime="20231114 14:10:25.289"/>
</kw>
<status status="PASS" starttime="20231114 14:10:25.288" endtime="20231114 14:10:25.289"/>
</kw>
<kw name="Input Credentials" library="resource">
<arg>merjamerjanen</arg>
<arg>kissakissa</arg>
<kw name="Input" library="AppLibrary">
<arg>${username}</arg>
<status status="PASS" starttime="20231114 14:10:25.289" endtime="20231114 14:10:25.289"/>
</kw>
<kw name="Input" library="AppLibrary">
<arg>${password}</arg>
<status status="PASS" starttime="20231114 14:10:25.289" endtime="20231114 14:10:25.289"/>
</kw>
<kw name="Run Application" library="AppLibrary">
<status status="PASS" starttime="20231114 14:10:25.289" endtime="20231114 14:10:25.290"/>
</kw>
<status status="PASS" starttime="20231114 14:10:25.289" endtime="20231114 14:10:25.290"/>
</kw>
<kw name="Output Should Contain" library="AppLibrary">
<arg>Password must contain letters and numbers or special characters</arg>
<status status="PASS" starttime="20231114 14:10:25.290" endtime="20231114 14:10:25.290"/>
</kw>
<status status="PASS" starttime="20231114 14:10:25.288" endtime="20231114 14:10:25.290"/>
</test>
<status status="PASS" starttime="20231114 14:10:25.273" endtime="20231114 14:10:25.290"/>
</suite>
<status status="PASS" starttime="20231114 14:10:25.242" endtime="20231114 14:10:25.291"/>
</suite>
<statistics>
<total>
<stat pass="9" fail="0" skip="0">All Tests</stat>
</total>
<tag>
</tag>
<suite>
<stat pass="9" fail="0" skip="0" id="s1" name="Tests">Tests</stat>
<stat pass="3" fail="0" skip="0" id="s1-s1" name="Login">Tests.Login</stat>
<stat pass="6" fail="0" skip="0" id="s1-s2" name="Register">Tests.Register</stat>
</suite>
</statistics>
<errors>
</errors>
</robot>
